<?xml version="1.0" encoding="UTF-8"?>
<testsuite xmlns:xsi="http://www.w3.org/2001/XMLSchema-instance" xsi:noNamespaceSchemaLocation="https://maven.apache.org/surefire/maven-surefire-plugin/xsd/surefire-test-report-3.0.xsd" version="3.0" name="cucumber.options.TestRunner" time="114.452" tests="5" errors="0" skipped="0" failures="0">
  <properties>
[...]
</properties>
  <testcase name="Verify the create consumer API response" classname="Validate All Enrollment APIs with Positive Scenarios." time="59.49">
    <system-out><![CDATA[
@startEnrollment
Scenario Outline: Verify the create consumer API response                                           # src/test/resources/feature/createConsumer.feature:21
  Given Register a consumer with partner 'Partner' using details '_', '_', '_', and '789-963-4855'. # stepDefinitions.TestDefinition.register_a_consumer_with_partner_using_details_and(java.lang.String,java.lang.String,java.lang.String,java.lang.String,java.lang.String)
  When send the "CREATE_CONSUMER_API" request with "POST" method                                    # stepDefinitions.TestDefinition.send_the_request_with_method(java.lang.String,java.lang.String)
  Then response status code should be "200"                                                         # stepDefinitions.TestDefinition.response_status_code_should_be(java.lang.String)
  And response message should be "Enrollment status available."                                     # stepDefinitions.TestDefinition.response_message_should_be(java.lang.String)
  And Extract "accessToken" and "publicKey" from response                                           # stepDefinitions.TestDefinition.extract_and_from_response(java.lang.String,java.lang.String)
]]></system-out>
  </testcase>
  <testcase name="Verify the continueEnrollment API response" classname="Validate All Enrollment APIs with Positive Scenarios." time="9.708">
    <system-out><![CDATA[
@ContinueEnrollment
Scenario: Verify the continueEnrollment API response                 # src/test/resources/feature/createConsumer.feature:24
  Given Continue Enrollment with other basic details                 # stepDefinitions.TestDefinition.continue_enrollment_with_other_basic_details()
  When send the "CONTINUE_ENROLLMENT_API" request with "POST" method # stepDefinitions.TestDefinition.send_the_request_with_method(java.lang.String,java.lang.String)
  Then response status code should be "200"                          # stepDefinitions.TestDefinition.response_status_code_should_be(java.lang.String)
  And response message should be "Account created."                  # stepDefinitions.TestDefinition.response_message_should_be(java.lang.String)
]]></system-out>
  </testcase>
  <testcase name="Verify the PostToWebhookOnIAVExit API response" classname="Validate All Enrollment APIs with Positive Scenarios." time="2.141">
    <system-out><![CDATA[
@PostToWebhookOnIAVExit
Scenario: Verify the PostToWebhookOnIAVExit API response                     # src/test/resources/feature/createConsumer.feature:31
  Given Exit IAV and continue Enrollment with CDW                            # stepDefinitions.TestDefinition.exit_iav_and_continue_enrollment_with_cdw()
  When send the "POST_TO_WEBHOOK_ON_IAV_EXIT_API" request with "POST" method # stepDefinitions.TestDefinition.send_the_request_with_method(java.lang.String,java.lang.String)
  Then response status code should be "200"                                  # stepDefinitions.TestDefinition.response_status_code_should_be(java.lang.String)
  And response message should be "true"                                      # stepDefinitions.TestDefinition.response_message_should_be(java.lang.String)
]]></system-out>
  </testcase>
  <testcase name="Verify the cdwMatchEnrollment API response" classname="Validate All Enrollment APIs with Positive Scenarios." time="6.628">
    <system-out><![CDATA[
@cdwMatchEnrollment
Scenario Outline: Verify the cdwMatchEnrollment API response                             # src/test/resources/feature/createConsumer.feature:47
  Given Add account '74737357357353' and routing '121000358' to continue Enrollment      # stepDefinitions.TestDefinition.add_account_and_routing_to_continue_enrollment(java.lang.String,java.lang.String)
  When send the "CDW_MATCH_ENROLLMENT_API" request with "POST" method                    # stepDefinitions.TestDefinition.send_the_request_with_method(java.lang.String,java.lang.String)
  Then response status code should be "200"                                              # stepDefinitions.TestDefinition.response_status_code_should_be(java.lang.String)
  And response message should be "Account number and routing number added successfully." # stepDefinitions.TestDefinition.response_message_should_be(java.lang.String)
]]></system-out>
  </testcase>
  <testcase name="Verify the confirmCdw API response" classname="Validate All Enrollment APIs with Positive Scenarios." time="33.916">
    <system-out><![CDATA[
@ConfirmCdw
Scenario Outline: Verify the confirmCdw API response                              # src/test/resources/feature/createConsumer.feature:60
  Given Add deposit '0.09' and withdrawal '0.08' to complete Enrollment           # stepDefinitions.TestDefinition.add_deposit_and_withdrawal_to_complete_enrollment(java.lang.String,java.lang.String)
  When send the "CONFIRM_CDW_API" request with "POST" method                      # stepDefinitions.TestDefinition.send_the_request_with_method(java.lang.String,java.lang.String)
  Then response status code should be "200"                                       # stepDefinitions.TestDefinition.response_status_code_should_be(java.lang.String)
  And response message should be "Deposit and Withdrawal match values on record." # stepDefinitions.TestDefinition.response_message_should_be(java.lang.String)
  And Notification should be "enrollment_complete"                                # stepDefinitions.TestDefinition.notification_should_be(java.lang.String)
]]></system-out>
  </testcase>
</testsuite>